<?xml version="1.0" encoding="UTF-8"?>
<coverage generated="1780757754748" clover="3.2.0">
  <project timestamp="1780757754748" name="All files">
    <metrics statements="82" coveredstatements="76" conditionals="64" coveredconditionals="25" methods="40" coveredmethods="35" elements="186" coveredelements="136" complexity="0" loc="82" ncloc="82" packages="3" files="20" classes="20"/>
    <package name="assets.icons">
      <metrics statements="0" coveredstatements="0" conditionals="0" coveredconditionals="0" methods="0" coveredmethods="0"/>
      <file name="admin-bf.svg" path="C:\Users\caios\Documents\Universidade\portal-cidadao\src\assets\icons\admin-bf.svg">
        <metrics statements="0" coveredstatements="0" conditionals="0" coveredconditionals="0" methods="0" coveredmethods="0"/>
      </file>
      <file name="admin-bpc.svg" path="C:\Users\caios\Documents\Universidade\portal-cidadao\src\assets\icons\admin-bpc.svg">
        <metrics statements="0" coveredstatements="0" conditionals="0" coveredconditionals="0" methods="0" coveredmethods="0"/>
      </file>
      <file name="admin-cadunico.svg" path="C:\Users\caios\Documents\Universidade\portal-cidadao\src\assets\icons\admin-cadunico.svg">
        <metrics statements="0" coveredstatements="0" conditionals="0" coveredconditionals="0" methods="0" coveredmethods="0"/>
      </file>
      <file name="admin-cras.svg" path="C:\Users\caios\Documents\Universidade\portal-cidadao\src\assets\icons\admin-cras.svg">
        <metrics statements="0" coveredstatements="0" conditionals="0" coveredconditionals="0" methods="0" coveredmethods="0"/>
      </file>
      <file name="admin-creas.svg" path="C:\Users\caios\Documents\Universidade\portal-cidadao\src\assets\icons\admin-creas.svg">
        <metrics statements="0" coveredstatements="0" conditionals="0" coveredconditionals="0" methods="0" coveredmethods="0"/>
      </file>
      <file name="icone-bf-detalhes.svg" path="C:\Users\caios\Documents\Universidade\portal-cidadao\src\assets\icons\icone-bf-detalhes.svg">
        <metrics statements="0" coveredstatements="0" conditionals="0" coveredconditionals="0" methods="0" coveredmethods="0"/>
      </file>
      <file name="icone-bf.svg" path="C:\Users\caios\Documents\Universidade\portal-cidadao\src\assets\icons\icone-bf.svg">
        <metrics statements="0" coveredstatements="0" conditionals="0" coveredconditionals="0" methods="0" coveredmethods="0"/>
      </file>
      <file name="icone-bpc-detalhes.svg" path="C:\Users\caios\Documents\Universidade\portal-cidadao\src\assets\icons\icone-bpc-detalhes.svg">
        <metrics statements="0" coveredstatements="0" conditionals="0" coveredconditionals="0" methods="0" coveredmethods="0"/>
      </file>
      <file name="icone-bpc.svg" path="C:\Users\caios\Documents\Universidade\portal-cidadao\src\assets\icons\icone-bpc.svg">
        <metrics statements="0" coveredstatements="0" conditionals="0" coveredconditionals="0" methods="0" coveredmethods="0"/>
      </file>
      <file name="icone-cadunico-detalhes.svg" path="C:\Users\caios\Documents\Universidade\portal-cidadao\src\assets\icons\icone-cadunico-detalhes.svg">
        <metrics statements="0" coveredstatements="0" conditionals="0" coveredconditionals="0" methods="0" coveredmethods="0"/>
      </file>
      <file name="icone-cadunico.svg" path="C:\Users\caios\Documents\Universidade\portal-cidadao\src\assets\icons\icone-cadunico.svg">
        <metrics statements="0" coveredstatements="0" conditionals="0" coveredconditionals="0" methods="0" coveredmethods="0"/>
      </file>
      <file name="icone-cras-detalhes.svg" path="C:\Users\caios\Documents\Universidade\portal-cidadao\src\assets\icons\icone-cras-detalhes.svg">
        <metrics statements="0" coveredstatements="0" conditionals="0" coveredconditionals="0" methods="0" coveredmethods="0"/>
      </file>
      <file name="icone-cras.svg" path="C:\Users\caios\Documents\Universidade\portal-cidadao\src\assets\icons\icone-cras.svg">
        <metrics statements="0" coveredstatements="0" conditionals="0" coveredconditionals="0" methods="0" coveredmethods="0"/>
      </file>
      <file name="icone-creas-detalhes.svg" path="C:\Users\caios\Documents\Universidade\portal-cidadao\src\assets\icons\icone-creas-detalhes.svg">
        <metrics statements="0" coveredstatements="0" conditionals="0" coveredconditionals="0" methods="0" coveredmethods="0"/>
      </file>
      <file name="icone-creas.svg" path="C:\Users\caios\Documents\Universidade\portal-cidadao\src\assets\icons\icone-creas.svg">
        <metrics statements="0" coveredstatements="0" conditionals="0" coveredconditionals="0" methods="0" coveredmethods="0"/>
      </file>
    </package>
    <package name="data">
      <metrics statements="12" coveredstatements="9" conditionals="35" coveredconditionals="4" methods="8" coveredmethods="5"/>
      <file name="politicas.js" path="C:\Users\caios\Documents\Universidade\portal-cidadao\src\data\politicas.js">
        <metrics statements="4" coveredstatements="3" conditionals="0" coveredconditionals="0" methods="3" coveredmethods="1"/>
        <line num="12" count="1" type="stmt"/>
        <line num="23" count="1" type="stmt"/>
        <line num="217" count="0" type="stmt"/>
        <line num="220" count="5" type="stmt"/>
      </file>
      <file name="politicasAdmin.js" path="C:\Users\caios\Documents\Universidade\portal-cidadao\src\data\politicasAdmin.js">
        <metrics statements="8" coveredstatements="6" conditionals="35" coveredconditionals="4" methods="5" coveredmethods="4"/>
        <line num="8" count="1" type="stmt"/>
        <line num="16" count="1" type="stmt"/>
        <line num="17" count="8" type="stmt"/>
        <line num="18" count="7" type="stmt"/>
        <line num="20" count="5" type="stmt"/>
        <line num="34" count="6" type="stmt"/>
        <line num="43" count="0" type="cond" truecount="0" falsecount="2"/>
        <line num="45" count="0" type="stmt"/>
      </file>
    </package>
    <package name="stores">
      <metrics statements="70" coveredstatements="67" conditionals="29" coveredconditionals="21" methods="32" coveredmethods="30"/>
      <file name="auth.js" path="C:\Users\caios\Documents\Universidade\portal-cidadao\src\stores\auth.js">
        <metrics statements="13" coveredstatements="13" conditionals="0" coveredconditionals="0" methods="4" coveredmethods="4"/>
        <line num="4" count="2" type="stmt"/>
        <line num="5" count="7" type="stmt"/>
        <line num="6" count="7" type="stmt"/>
        <line num="8" count="7" type="stmt"/>
        <line num="11" count="10" type="stmt"/>
        <line num="12" count="10" type="stmt"/>
        <line num="14" count="10" type="stmt"/>
        <line num="15" count="10" type="stmt"/>
        <line num="19" count="2" type="stmt"/>
        <line num="20" count="2" type="stmt"/>
        <line num="22" count="2" type="stmt"/>
        <line num="23" count="2" type="stmt"/>
        <line num="26" count="7" type="stmt"/>
      </file>
      <file name="interesses.js" path="C:\Users\caios\Documents\Universidade\portal-cidadao\src\stores\interesses.js">
        <metrics statements="35" coveredstatements="32" conditionals="16" coveredconditionals="9" methods="17" coveredmethods="15"/>
        <line num="5" count="1" type="stmt"/>
        <line num="8" count="6" type="stmt"/>
        <line num="9" count="6" type="stmt"/>
        <line num="10" count="6" type="cond" truecount="1" falsecount="1"/>
        <line num="12" count="0" type="stmt"/>
        <line num="17" count="1" type="stmt"/>
        <line num="18" count="1" type="stmt"/>
        <line num="25" count="1" type="stmt"/>
        <line num="26" count="6" type="stmt"/>
        <line num="28" count="6" type="stmt"/>
        <line num="29" count="6" type="stmt"/>
        <line num="30" count="6" type="cond" truecount="1" falsecount="1"/>
        <line num="33" count="6" type="cond" truecount="1" falsecount="1"/>
        <line num="35" count="6" type="stmt"/>
        <line num="38" count="8" type="stmt"/>
        <line num="42" count="7" type="stmt"/>
        <line num="43" count="7" type="cond" truecount="2" falsecount="0"/>
        <line num="44" count="7" type="stmt"/>
        <line num="46" count="7" type="cond" truecount="2" falsecount="0"/>
        <line num="47" count="1" type="stmt"/>
        <line num="49" count="6" type="stmt"/>
        <line num="50" count="6" type="stmt"/>
        <line num="57" count="7" type="stmt"/>
        <line num="58" count="7" type="stmt"/>
        <line num="62" count="1" type="stmt"/>
        <line num="63" count="1" type="cond" truecount="1" falsecount="1"/>
        <line num="64" count="1" type="stmt"/>
        <line num="66" count="1" type="stmt"/>
        <line num="67" count="1" type="stmt"/>
        <line num="71" count="1" type="stmt"/>
        <line num="75" count="1" type="stmt"/>
        <line num="76" count="1" type="cond" truecount="1" falsecount="1"/>
        <line num="80" count="0" type="stmt"/>
        <line num="81" count="0" type="cond" truecount="0" falsecount="2"/>
        <line num="84" count="6" type="stmt"/>
      </file>
      <file name="politicasAdmin.js" path="C:\Users\caios\Documents\Universidade\portal-cidadao\src\stores\politicasAdmin.js">
        <metrics statements="22" coveredstatements="22" conditionals="13" coveredconditionals="12" methods="11" coveredmethods="11"/>
        <line num="9" count="1" type="stmt"/>
        <line num="12" count="6" type="stmt"/>
        <line num="13" count="6" type="stmt"/>
        <line num="14" count="6" type="cond" truecount="1" falsecount="1"/>
        <line num="18" count="6" type="stmt"/>
        <line num="21" count="1" type="stmt"/>
        <line num="22" count="6" type="stmt"/>
        <line num="25" count="9" type="stmt"/>
        <line num="29" count="17" type="cond" truecount="2" falsecount="0"/>
        <line num="33" count="6" type="stmt"/>
        <line num="34" count="1" type="stmt"/>
        <line num="38" count="7" type="cond" truecount="2" falsecount="0"/>
        <line num="39" count="36" type="stmt"/>
        <line num="40" count="7" type="stmt"/>
        <line num="53" count="7" type="cond" truecount="2" falsecount="0"/>
        <line num="54" count="6" type="cond" truecount="2" falsecount="0"/>
        <line num="56" count="6" type="stmt"/>
        <line num="59" count="7" type="stmt"/>
        <line num="60" count="7" type="stmt"/>
        <line num="64" count="1" type="stmt"/>
        <line num="65" count="1" type="stmt"/>
        <line num="68" count="6" type="stmt"/>
      </file>
    </package>
  </project>
</coverage>
