{"C:\\Users\\caios\\Documents\\Universidade\\portal-cidadao\\src\\assets\\icons\\admin-bf.svg": {"path":"C:\\Users\\caios\\Documents\\Universidade\\portal-cidadao\\src\\assets\\icons\\admin-bf.svg","statementMap":{},"fnMap":{},"branchMap":{},"s":{},"f":{},"b":{},"meta":{"lastBranch":0,"lastFunction":0,"lastStatement":0,"seen":{}}}
,"C:\\Users\\caios\\Documents\\Universidade\\portal-cidadao\\src\\assets\\icons\\admin-bpc.svg": {"path":"C:\\Users\\caios\\Documents\\Universidade\\portal-cidadao\\src\\assets\\icons\\admin-bpc.svg","statementMap":{},"fnMap":{},"branchMap":{},"s":{},"f":{},"b":{},"meta":{"lastBranch":0,"lastFunction":0,"lastStatement":0,"seen":{}}}
,"C:\\Users\\caios\\Documents\\Universidade\\portal-cidadao\\src\\assets\\icons\\admin-cadunico.svg": {"path":"C:\\Users\\caios\\Documents\\Universidade\\portal-cidadao\\src\\assets\\icons\\admin-cadunico.svg","statementMap":{},"fnMap":{},"branchMap":{},"s":{},"f":{},"b":{},"meta":{"lastBranch":0,"lastFunction":0,"lastStatement":0,"seen":{}}}
,"C:\\Users\\caios\\Documents\\Universidade\\portal-cidadao\\src\\assets\\icons\\admin-cras.svg": {"path":"C:\\Users\\caios\\Documents\\Universidade\\portal-cidadao\\src\\assets\\icons\\admin-cras.svg","statementMap":{},"fnMap":{},"branchMap":{},"s":{},"f":{},"b":{},"meta":{"lastBranch":0,"lastFunction":0,"lastStatement":0,"seen":{}}}
,"C:\\Users\\caios\\Documents\\Universidade\\portal-cidadao\\src\\assets\\icons\\admin-creas.svg": {"path":"C:\\Users\\caios\\Documents\\Universidade\\portal-cidadao\\src\\assets\\icons\\admin-creas.svg","statementMap":{},"fnMap":{},"branchMap":{},"s":{},"f":{},"b":{},"meta":{"lastBranch":0,"lastFunction":0,"lastStatement":0,"seen":{}}}
,"C:\\Users\\caios\\Documents\\Universidade\\portal-cidadao\\src\\assets\\icons\\icone-bf-detalhes.svg": {"path":"C:\\Users\\caios\\Documents\\Universidade\\portal-cidadao\\src\\assets\\icons\\icone-bf-detalhes.svg","statementMap":{},"fnMap":{},"branchMap":{},"s":{},"f":{},"b":{},"meta":{"lastBranch":0,"lastFunction":0,"lastStatement":0,"seen":{}}}
,"C:\\Users\\caios\\Documents\\Universidade\\portal-cidadao\\src\\assets\\icons\\icone-bf.svg": {"path":"C:\\Users\\caios\\Documents\\Universidade\\portal-cidadao\\src\\assets\\icons\\icone-bf.svg","statementMap":{},"fnMap":{},"branchMap":{},"s":{},"f":{},"b":{},"meta":{"lastBranch":0,"lastFunction":0,"lastStatement":0,"seen":{}}}
,"C:\\Users\\caios\\Documents\\Universidade\\portal-cidadao\\src\\assets\\icons\\icone-bpc-detalhes.svg": {"path":"C:\\Users\\caios\\Documents\\Universidade\\portal-cidadao\\src\\assets\\icons\\icone-bpc-detalhes.svg","statementMap":{},"fnMap":{},"branchMap":{},"s":{},"f":{},"b":{},"meta":{"lastBranch":0,"lastFunction":0,"lastStatement":0,"seen":{}}}
,"C:\\Users\\caios\\Documents\\Universidade\\portal-cidadao\\src\\assets\\icons\\icone-bpc.svg": {"path":"C:\\Users\\caios\\Documents\\Universidade\\portal-cidadao\\src\\assets\\icons\\icone-bpc.svg","statementMap":{},"fnMap":{},"branchMap":{},"s":{},"f":{},"b":{},"meta":{"lastBranch":0,"lastFunction":0,"lastStatement":0,"seen":{}}}
,"C:\\Users\\caios\\Documents\\Universidade\\portal-cidadao\\src\\assets\\icons\\icone-cadunico-detalhes.svg": {"path":"C:\\Users\\caios\\Documents\\Universidade\\portal-cidadao\\src\\assets\\icons\\icone-cadunico-detalhes.svg","statementMap":{},"fnMap":{},"branchMap":{},"s":{},"f":{},"b":{},"meta":{"lastBranch":0,"lastFunction":0,"lastStatement":0,"seen":{}}}
,"C:\\Users\\caios\\Documents\\Universidade\\portal-cidadao\\src\\assets\\icons\\icone-cadunico.svg": {"path":"C:\\Users\\caios\\Documents\\Universidade\\portal-cidadao\\src\\assets\\icons\\icone-cadunico.svg","statementMap":{},"fnMap":{},"branchMap":{},"s":{},"f":{},"b":{},"meta":{"lastBranch":0,"lastFunction":0,"lastStatement":0,"seen":{}}}
,"C:\\Users\\caios\\Documents\\Universidade\\portal-cidadao\\src\\assets\\icons\\icone-cras-detalhes.svg": {"path":"C:\\Users\\caios\\Documents\\Universidade\\portal-cidadao\\src\\assets\\icons\\icone-cras-detalhes.svg","statementMap":{},"fnMap":{},"branchMap":{},"s":{},"f":{},"b":{},"meta":{"lastBranch":0,"lastFunction":0,"lastStatement":0,"seen":{}}}
,"C:\\Users\\caios\\Documents\\Universidade\\portal-cidadao\\src\\assets\\icons\\icone-cras.svg": {"path":"C:\\Users\\caios\\Documents\\Universidade\\portal-cidadao\\src\\assets\\icons\\icone-cras.svg","statementMap":{},"fnMap":{},"branchMap":{},"s":{},"f":{},"b":{},"meta":{"lastBranch":0,"lastFunction":0,"lastStatement":0,"seen":{}}}
,"C:\\Users\\caios\\Documents\\Universidade\\portal-cidadao\\src\\assets\\icons\\icone-creas-detalhes.svg": {"path":"C:\\Users\\caios\\Documents\\Universidade\\portal-cidadao\\src\\assets\\icons\\icone-creas-detalhes.svg","statementMap":{},"fnMap":{},"branchMap":{},"s":{},"f":{},"b":{},"meta":{"lastBranch":0,"lastFunction":0,"lastStatement":0,"seen":{}}}
,"C:\\Users\\caios\\Documents\\Universidade\\portal-cidadao\\src\\assets\\icons\\icone-creas.svg": {"path":"C:\\Users\\caios\\Documents\\Universidade\\portal-cidadao\\src\\assets\\icons\\icone-creas.svg","statementMap":{},"fnMap":{},"branchMap":{},"s":{},"f":{},"b":{},"meta":{"lastBranch":0,"lastFunction":0,"lastStatement":0,"seen":{}}}
,"C:\\Users\\caios\\Documents\\Universidade\\portal-cidadao\\src\\data\\politicas.js": {"path":"C:\\Users\\caios\\Documents\\Universidade\\portal-cidadao\\src\\data\\politicas.js","statementMap":{"0":{"start":{"line":12,"column":27},"end":{"line":21,"column":1}},"1":{"start":{"line":23,"column":25},"end":{"line":214,"column":1}},"2":{"start":{"line":217,"column":2},"end":{"line":217,"column":44}},"3":{"start":{"line":217,"column":31},"end":{"line":217,"column":42}},"4":{"start":{"line":220,"column":33},"end":{"line":220,"column":68}},"5":{"start":{"line":220,"column":57},"end":{"line":220,"column":67}}},"fnMap":{"0":{"name":"obterPoliticaPorId","decl":{"start":{"line":216,"column":16},"end":{"line":216,"column":34}},"loc":{"start":{"line":216,"column":39},"end":{"line":218,"column":1}},"line":216},"1":{"name":"(anonymous_1)","decl":{"start":{"line":217,"column":24},"end":{"line":217,"column":25}},"loc":{"start":{"line":217,"column":31},"end":{"line":217,"column":42}},"line":217},"2":{"name":"(anonymous_2)","decl":{"start":{"line":220,"column":50},"end":{"line":220,"column":51}},"loc":{"start":{"line":220,"column":57},"end":{"line":220,"column":67}},"line":220}},"branchMap":{},"s":{"0":1,"1":1,"2":0,"3":0,"4":1,"5":5},"f":{"0":0,"1":0,"2":5},"b":{},"meta":{"lastBranch":0,"lastFunction":3,"lastStatement":6,"seen":{"s:12:27:21:1":0,"s:23:25:214:1":1,"f:216:16:216:34":0,"s:217:2:217:44":2,"f:217:24:217:25":1,"s:217:31:217:42":3,"s:220:33:220:68":4,"f:220:50:220:51":2,"s:220:57:220:67":5}}}
,"C:\\Users\\caios\\Documents\\Universidade\\portal-cidadao\\src\\data\\politicasAdmin.js": {"path":"C:\\Users\\caios\\Documents\\Universidade\\portal-cidadao\\src\\data\\politicasAdmin.js","statementMap":{"0":{"start":{"line":8,"column":20},"end":{"line":14,"column":1}},"1":{"start":{"line":16,"column":34},"end":{"line":18,"column":36}},"2":{"start":{"line":17,"column":17},"end":{"line":17,"column":32}},"3":{"start":{"line":18,"column":14},"end":{"line":18,"column":35}},"4":{"start":{"line":20,"column":37},"end":{"line":31,"column":3}},"5":{"start":{"line":20,"column":66},"end":{"line":31,"column":1}},"6":{"start":{"line":34,"column":2},"end":{"line":39,"column":27}},"7":{"start":{"line":43,"column":2},"end":{"line":43,"column":27}},"8":{"start":{"line":43,"column":17},"end":{"line":43,"column":27}},"9":{"start":{"line":45,"column":2},"end":{"line":58,"column":4}}},"fnMap":{"0":{"name":"(anonymous_0)","decl":{"start":{"line":17,"column":10},"end":{"line":17,"column":11}},"loc":{"start":{"line":17,"column":17},"end":{"line":17,"column":32}},"line":17},"1":{"name":"(anonymous_1)","decl":{"start":{"line":18,"column":7},"end":{"line":18,"column":8}},"loc":{"start":{"line":18,"column":14},"end":{"line":18,"column":35}},"line":18},"2":{"name":"(anonymous_2)","decl":{"start":{"line":20,"column":51},"end":{"line":20,"column":52}},"loc":{"start":{"line":20,"column":66},"end":{"line":31,"column":1}},"line":20},"3":{"name":"criarSlug","decl":{"start":{"line":33,"column":16},"end":{"line":33,"column":25}},"loc":{"start":{"line":33,"column":34},"end":{"line":40,"column":1}},"line":33},"4":{"name":"politicaParaFormulario","decl":{"start":{"line":42,"column":16},"end":{"line":42,"column":38}},"loc":{"start":{"line":42,"column":49},"end":{"line":59,"column":1}},"line":42}},"branchMap":{"0":{"loc":{"start":{"line":26,"column":14},"end":{"line":26,"column":51}},"type":"binary-expr","locations":[{"start":{"line":26,"column":14},"end":{"line":26,"column":45}},{"start":{"line":26,"column":49},"end":{"line":26,"column":51}}],"line":26},"1":{"loc":{"start":{"line":27,"column":9},"end":{"line":27,"column":29}},"type":"binary-expr","locations":[{"start":{"line":27,"column":9},"end":{"line":27,"column":23}},{"start":{"line":27,"column":27},"end":{"line":27,"column":29}}],"line":27},"2":{"loc":{"start":{"line":28,"column":9},"end":{"line":28,"column":29}},"type":"binary-expr","locations":[{"start":{"line":28,"column":9},"end":{"line":28,"column":23}},{"start":{"line":28,"column":27},"end":{"line":28,"column":29}}],"line":28},"3":{"loc":{"start":{"line":29,"column":13},"end":{"line":29,"column":49}},"type":"binary-expr","locations":[{"start":{"line":29,"column":13},"end":{"line":29,"column":43}},{"start":{"line":29,"column":47},"end":{"line":29,"column":49}}],"line":29},"4":{"loc":{"start":{"line":43,"column":2},"end":{"line":43,"column":27}},"type":"if","locations":[{"start":{"line":43,"column":2},"end":{"line":43,"column":27}},{"start":{},"end":{}}],"line":43},"5":{"loc":{"start":{"line":46,"column":10},"end":{"line":46,"column":49}},"type":"binary-expr","locations":[{"start":{"line":46,"column":10},"end":{"line":46,"column":25}},{"start":{"line":46,"column":29},"end":{"line":46,"column":43}},{"start":{"line":46,"column":47},"end":{"line":46,"column":49}}],"line":46},"6":{"loc":{"start":{"line":47,"column":15},"end":{"line":47,"column":79}},"type":"binary-expr","locations":[{"start":{"line":47,"column":15},"end":{"line":47,"column":33}},{"start":{"line":47,"column":37},"end":{"line":47,"column":54}},{"start":{"line":47,"column":58},"end":{"line":47,"column":79}}],"line":47},"7":{"loc":{"start":{"line":48,"column":17},"end":{"line":48,"column":63}},"type":"binary-expr","locations":[{"start":{"line":48,"column":17},"end":{"line":48,"column":37}},{"start":{"line":48,"column":41},"end":{"line":48,"column":57}},{"start":{"line":48,"column":61},"end":{"line":48,"column":63}}],"line":48},"8":{"loc":{"start":{"line":49,"column":15},"end":{"line":49,"column":91}},"type":"binary-expr","locations":[{"start":{"line":49,"column":15},"end":{"line":49,"column":33}},{"start":{"line":49,"column":37},"end":{"line":49,"column":61}},{"start":{"line":49,"column":65},"end":{"line":49,"column":85}},{"start":{"line":49,"column":89},"end":{"line":49,"column":91}}],"line":49},"9":{"loc":{"start":{"line":50,"column":16},"end":{"line":52,"column":35}},"type":"cond-expr","locations":[{"start":{"line":51,"column":8},"end":{"line":51,"column":38}},{"start":{"line":52,"column":9},"end":{"line":52,"column":34}}],"line":50},"10":{"loc":{"start":{"line":52,"column":9},"end":{"line":52,"column":34}},"type":"binary-expr","locations":[{"start":{"line":52,"column":9},"end":{"line":52,"column":28}},{"start":{"line":52,"column":32},"end":{"line":52,"column":34}}],"line":52},"11":{"loc":{"start":{"line":53,"column":11},"end":{"line":53,"column":31}},"type":"binary-expr","locations":[{"start":{"line":53,"column":11},"end":{"line":53,"column":25}},{"start":{"line":53,"column":29},"end":{"line":53,"column":31}}],"line":53},"12":{"loc":{"start":{"line":54,"column":11},"end":{"line":54,"column":31}},"type":"binary-expr","locations":[{"start":{"line":54,"column":11},"end":{"line":54,"column":25}},{"start":{"line":54,"column":29},"end":{"line":54,"column":31}}],"line":54},"13":{"loc":{"start":{"line":55,"column":15},"end":{"line":57,"column":34}},"type":"cond-expr","locations":[{"start":{"line":56,"column":8},"end":{"line":56,"column":37}},{"start":{"line":57,"column":9},"end":{"line":57,"column":33}}],"line":55},"14":{"loc":{"start":{"line":57,"column":9},"end":{"line":57,"column":33}},"type":"binary-expr","locations":[{"start":{"line":57,"column":9},"end":{"line":57,"column":27}},{"start":{"line":57,"column":31},"end":{"line":57,"column":33}}],"line":57}},"s":{"0":1,"1":1,"2":8,"3":7,"4":1,"5":5,"6":6,"7":0,"8":0,"9":0},"f":{"0":8,"1":7,"2":5,"3":6,"4":0},"b":{"0":[5,0],"1":[5,0],"2":[5,0],"3":[5,0],"4":[0,0],"5":[0,0,0],"6":[0,0,0],"7":[0,0,0],"8":[0,0,0,0],"9":[0,0],"10":[0,0],"11":[0,0],"12":[0,0],"13":[0,0],"14":[0,0]},"meta":{"lastBranch":15,"lastFunction":5,"lastStatement":10,"seen":{"s:8:20:14:1":0,"s:16:34:18:36":1,"f:17:10:17:11":0,"s:17:17:17:32":2,"f:18:7:18:8":1,"s:18:14:18:35":3,"s:20:37:31:3":4,"f:20:51:20:52":2,"s:20:66:31:1":5,"b:26:14:26:45:26:49:26:51":0,"b:27:9:27:23:27:27:27:29":1,"b:28:9:28:23:28:27:28:29":2,"b:29:13:29:43:29:47:29:49":3,"f:33:16:33:25":3,"s:34:2:39:27":6,"f:42:16:42:38":4,"b:43:2:43:27:undefined:undefined:undefined:undefined":4,"s:43:2:43:27":7,"s:43:17:43:27":8,"s:45:2:58:4":9,"b:46:10:46:25:46:29:46:43:46:47:46:49":5,"b:47:15:47:33:47:37:47:54:47:58:47:79":6,"b:48:17:48:37:48:41:48:57:48:61:48:63":7,"b:49:15:49:33:49:37:49:61:49:65:49:85:49:89:49:91":8,"b:51:8:51:38:52:9:52:34":9,"b:52:9:52:28:52:32:52:34":10,"b:53:11:53:25:53:29:53:31":11,"b:54:11:54:25:54:29:54:31":12,"b:56:8:56:37:57:9:57:33":13,"b:57:9:57:27:57:31:57:33":14}}}
,"C:\\Users\\caios\\Documents\\Universidade\\portal-cidadao\\src\\stores\\auth.js": {"path":"C:\\Users\\caios\\Documents\\Universidade\\portal-cidadao\\src\\stores\\auth.js","statementMap":{"0":{"start":{"line":4,"column":27},"end":{"line":33,"column":2}},"1":{"start":{"line":5,"column":15},"end":{"line":5,"column":50}},"2":{"start":{"line":6,"column":14},"end":{"line":6,"column":60}},"3":{"start":{"line":8,"column":25},"end":{"line":8,"column":55}},"4":{"start":{"line":8,"column":41},"end":{"line":8,"column":54}},"5":{"start":{"line":11,"column":4},"end":{"line":11,"column":27}},"6":{"start":{"line":12,"column":4},"end":{"line":12,"column":26}},"7":{"start":{"line":14,"column":4},"end":{"line":14,"column":44}},"8":{"start":{"line":15,"column":4},"end":{"line":15,"column":59}},"9":{"start":{"line":19,"column":4},"end":{"line":19,"column":23}},"10":{"start":{"line":20,"column":4},"end":{"line":20,"column":22}},"11":{"start":{"line":22,"column":4},"end":{"line":22,"column":37}},"12":{"start":{"line":23,"column":4},"end":{"line":23,"column":36}},"13":{"start":{"line":26,"column":2},"end":{"line":32,"column":4}}},"fnMap":{"0":{"name":"(anonymous_0)","decl":{"start":{"line":4,"column":48},"end":{"line":4,"column":49}},"loc":{"start":{"line":4,"column":54},"end":{"line":33,"column":1}},"line":4},"1":{"name":"(anonymous_1)","decl":{"start":{"line":8,"column":35},"end":{"line":8,"column":36}},"loc":{"start":{"line":8,"column":41},"end":{"line":8,"column":54}},"line":8},"2":{"name":"login","decl":{"start":{"line":10,"column":11},"end":{"line":10,"column":16}},"loc":{"start":{"line":10,"column":37},"end":{"line":16,"column":3}},"line":10},"3":{"name":"logout","decl":{"start":{"line":18,"column":11},"end":{"line":18,"column":17}},"loc":{"start":{"line":18,"column":20},"end":{"line":24,"column":3}},"line":18}},"branchMap":{},"s":{"0":2,"1":7,"2":7,"3":7,"4":1,"5":10,"6":10,"7":10,"8":10,"9":2,"10":2,"11":2,"12":2,"13":7},"f":{"0":7,"1":1,"2":10,"3":2},"b":{},"meta":{"lastBranch":0,"lastFunction":4,"lastStatement":14,"seen":{"s:4:27:33:2":0,"f:4:48:4:49":0,"s:5:15:5:50":1,"s:6:14:6:60":2,"s:8:25:8:55":3,"f:8:35:8:36":1,"s:8:41:8:54":4,"f:10:11:10:16":2,"s:11:4:11:27":5,"s:12:4:12:26":6,"s:14:4:14:44":7,"s:15:4:15:59":8,"f:18:11:18:17":3,"s:19:4:19:23":9,"s:20:4:20:22":10,"s:22:4:22:37":11,"s:23:4:23:36":12,"s:26:2:32:4":13}}}
,"C:\\Users\\caios\\Documents\\Universidade\\portal-cidadao\\src\\stores\\interesses.js": {"path":"C:\\Users\\caios\\Documents\\Universidade\\portal-cidadao\\src\\stores\\interesses.js","statementMap":{"0":{"start":{"line":5,"column":20},"end":{"line":5,"column":39}},"1":{"start":{"line":8,"column":2},"end":{"line":13,"column":3}},"2":{"start":{"line":9,"column":16},"end":{"line":9,"column":49}},"3":{"start":{"line":10,"column":4},"end":{"line":10,"column":38}},"4":{"start":{"line":12,"column":4},"end":{"line":12,"column":14}},"5":{"start":{"line":17,"column":15},"end":{"line":17,"column":28}},"6":{"start":{"line":18,"column":2},"end":{"line":22,"column":5}},"7":{"start":{"line":25,"column":33},"end":{"line":93,"column":2}},"8":{"start":{"line":26,"column":20},"end":{"line":26,"column":46}},"9":{"start":{"line":28,"column":22},"end":{"line":31,"column":4}},"10":{"start":{"line":29,"column":16},"end":{"line":29,"column":31}},"11":{"start":{"line":30,"column":4},"end":{"line":30,"column":41}},"12":{"start":{"line":33,"column":15},"end":{"line":33,"column":74}},"13":{"start":{"line":33,"column":31},"end":{"line":33,"column":73}},"14":{"start":{"line":35,"column":23},"end":{"line":35,"column":62}},"15":{"start":{"line":35,"column":39},"end":{"line":35,"column":61}},"16":{"start":{"line":38,"column":4},"end":{"line":38,"column":72}},"17":{"start":{"line":42,"column":18},"end":{"line":42,"column":36}},"18":{"start":{"line":43,"column":18},"end":{"line":43,"column":47}},"19":{"start":{"line":44,"column":22},"end":{"line":44,"column":68}},"20":{"start":{"line":44,"column":40},"end":{"line":44,"column":67}},"21":{"start":{"line":46,"column":4},"end":{"line":55,"column":5}},"22":{"start":{"line":47,"column":6},"end":{"line":47,"column":61}},"23":{"start":{"line":49,"column":20},"end":{"line":49,"column":44}},"24":{"start":{"line":50,"column":6},"end":{"line":54,"column":9}},"25":{"start":{"line":57,"column":4},"end":{"line":57,"column":68}},"26":{"start":{"line":58,"column":4},"end":{"line":58,"column":16}},"27":{"start":{"line":62,"column":18},"end":{"line":62,"column":36}},"28":{"start":{"line":63,"column":18},"end":{"line":65,"column":5}},"29":{"start":{"line":64,"column":13},"end":{"line":64,"column":40}},"30":{"start":{"line":66,"column":4},"end":{"line":66,"column":63}},"31":{"start":{"line":67,"column":4},"end":{"line":67,"column":16}},"32":{"start":{"line":71,"column":4},"end":{"line":71,"column":64}},"33":{"start":{"line":71,"column":35},"end":{"line":71,"column":62}},"34":{"start":{"line":75,"column":17},"end":{"line":75,"column":69}},"35":{"start":{"line":75,"column":41},"end":{"line":75,"column":68}},"36":{"start":{"line":76,"column":4},"end":{"line":76,"column":55}},"37":{"start":{"line":80,"column":17},"end":{"line":80,"column":69}},"38":{"start":{"line":80,"column":41},"end":{"line":80,"column":68}},"39":{"start":{"line":81,"column":4},"end":{"line":81,"column":60}},"40":{"start":{"line":84,"column":2},"end":{"line":92,"column":4}}},"fnMap":{"0":{"name":"carregarPorUsuario","decl":{"start":{"line":7,"column":9},"end":{"line":7,"column":27}},"loc":{"start":{"line":7,"column":30},"end":{"line":14,"column":1}},"line":7},"1":{"name":"formatarData","decl":{"start":{"line":16,"column":9},"end":{"line":16,"column":21}},"loc":{"start":{"line":16,"column":27},"end":{"line":23,"column":1}},"line":16},"2":{"name":"(anonymous_2)","decl":{"start":{"line":25,"column":60},"end":{"line":25,"column":61}},"loc":{"start":{"line":25,"column":66},"end":{"line":93,"column":1}},"line":25},"3":{"name":"(anonymous_3)","decl":{"start":{"line":28,"column":32},"end":{"line":28,"column":33}},"loc":{"start":{"line":28,"column":38},"end":{"line":31,"column":3}},"line":28},"4":{"name":"(anonymous_4)","decl":{"start":{"line":33,"column":25},"end":{"line":33,"column":26}},"loc":{"start":{"line":33,"column":31},"end":{"line":33,"column":73}},"line":33},"5":{"name":"(anonymous_5)","decl":{"start":{"line":35,"column":33},"end":{"line":35,"column":34}},"loc":{"start":{"line":35,"column":39},"end":{"line":35,"column":61}},"line":35},"6":{"name":"persistir","decl":{"start":{"line":37,"column":11},"end":{"line":37,"column":20}},"loc":{"start":{"line":37,"column":23},"end":{"line":39,"column":3}},"line":37},"7":{"name":"registrar","decl":{"start":{"line":41,"column":11},"end":{"line":41,"column":20}},"loc":{"start":{"line":41,"column":33},"end":{"line":59,"column":3}},"line":41},"8":{"name":"(anonymous_8)","decl":{"start":{"line":44,"column":33},"end":{"line":44,"column":34}},"loc":{"start":{"line":44,"column":40},"end":{"line":44,"column":67}},"line":44},"9":{"name":"remover","decl":{"start":{"line":61,"column":11},"end":{"line":61,"column":18}},"loc":{"start":{"line":61,"column":31},"end":{"line":68,"column":3}},"line":61},"10":{"name":"(anonymous_10)","decl":{"start":{"line":64,"column":6},"end":{"line":64,"column":7}},"loc":{"start":{"line":64,"column":13},"end":{"line":64,"column":40}},"line":64},"11":{"name":"possuiInteresse","decl":{"start":{"line":70,"column":11},"end":{"line":70,"column":26}},"loc":{"start":{"line":70,"column":39},"end":{"line":72,"column":3}},"line":70},"12":{"name":"(anonymous_12)","decl":{"start":{"line":71,"column":28},"end":{"line":71,"column":29}},"loc":{"start":{"line":71,"column":35},"end":{"line":71,"column":62}},"line":71},"13":{"name":"dataRegistroFormatada","decl":{"start":{"line":74,"column":11},"end":{"line":74,"column":32}},"loc":{"start":{"line":74,"column":45},"end":{"line":77,"column":3}},"line":74},"14":{"name":"(anonymous_14)","decl":{"start":{"line":75,"column":34},"end":{"line":75,"column":35}},"loc":{"start":{"line":75,"column":41},"end":{"line":75,"column":68}},"line":75},"15":{"name":"ultimaAtualizacaoFormatada","decl":{"start":{"line":79,"column":11},"end":{"line":79,"column":37}},"loc":{"start":{"line":79,"column":50},"end":{"line":82,"column":3}},"line":79},"16":{"name":"(anonymous_16)","decl":{"start":{"line":80,"column":34},"end":{"line":80,"column":35}},"loc":{"start":{"line":80,"column":41},"end":{"line":80,"column":68}},"line":80}},"branchMap":{"0":{"loc":{"start":{"line":10,"column":11},"end":{"line":10,"column":37}},"type":"cond-expr","locations":[{"start":{"line":10,"column":17},"end":{"line":10,"column":32}},{"start":{"line":10,"column":35},"end":{"line":10,"column":37}}],"line":10},"1":{"loc":{"start":{"line":30,"column":11},"end":{"line":30,"column":40}},"type":"binary-expr","locations":[{"start":{"line":30,"column":11},"end":{"line":30,"column":27}},{"start":{"line":30,"column":31},"end":{"line":30,"column":40}}],"line":30},"2":{"loc":{"start":{"line":33,"column":31},"end":{"line":33,"column":73}},"type":"binary-expr","locations":[{"start":{"line":33,"column":31},"end":{"line":33,"column":67}},{"start":{"line":33,"column":71},"end":{"line":33,"column":73}}],"line":33},"3":{"loc":{"start":{"line":43,"column":18},"end":{"line":43,"column":47}},"type":"binary-expr","locations":[{"start":{"line":43,"column":18},"end":{"line":43,"column":41}},{"start":{"line":43,"column":45},"end":{"line":43,"column":47}}],"line":43},"4":{"loc":{"start":{"line":46,"column":4},"end":{"line":55,"column":5}},"type":"if","locations":[{"start":{"line":46,"column":4},"end":{"line":55,"column":5}},{"start":{"line":48,"column":11},"end":{"line":55,"column":5}}],"line":46},"5":{"loc":{"start":{"line":63,"column":19},"end":{"line":63,"column":48}},"type":"binary-expr","locations":[{"start":{"line":63,"column":19},"end":{"line":63,"column":42}},{"start":{"line":63,"column":46},"end":{"line":63,"column":48}}],"line":63},"6":{"loc":{"start":{"line":76,"column":11},"end":{"line":76,"column":54}},"type":"cond-expr","locations":[{"start":{"line":76,"column":18},"end":{"line":76,"column":49}},{"start":{"line":76,"column":52},"end":{"line":76,"column":54}}],"line":76},"7":{"loc":{"start":{"line":81,"column":11},"end":{"line":81,"column":59}},"type":"cond-expr","locations":[{"start":{"line":81,"column":18},"end":{"line":81,"column":54}},{"start":{"line":81,"column":57},"end":{"line":81,"column":59}}],"line":81}},"s":{"0":1,"1":6,"2":6,"3":6,"4":0,"5":1,"6":1,"7":1,"8":6,"9":6,"10":6,"11":6,"12":6,"13":6,"14":6,"15":1,"16":8,"17":7,"18":7,"19":7,"20":1,"21":7,"22":1,"23":6,"24":6,"25":7,"26":7,"27":1,"28":1,"29":1,"30":1,"31":1,"32":1,"33":1,"34":1,"35":1,"36":1,"37":0,"38":0,"39":0,"40":6},"f":{"0":6,"1":1,"2":6,"3":6,"4":6,"5":1,"6":8,"7":7,"8":1,"9":1,"10":1,"11":1,"12":1,"13":1,"14":1,"15":0,"16":0},"b":{"0":[0,6],"1":[6,0],"2":[6,0],"3":[7,6],"4":[1,6],"5":[1,0],"6":[1,0],"7":[0,0]},"meta":{"lastBranch":8,"lastFunction":17,"lastStatement":41,"seen":{"s:5:20:5:39":0,"f:7:9:7:27":0,"s:8:2:13:3":1,"s:9:16:9:49":2,"s:10:4:10:38":3,"b:10:17:10:32:10:35:10:37":0,"s:12:4:12:14":4,"f:16:9:16:21":1,"s:17:15:17:28":5,"s:18:2:22:5":6,"s:25:33:93:2":7,"f:25:60:25:61":2,"s:26:20:26:46":8,"s:28:22:31:4":9,"f:28:32:28:33":3,"s:29:16:29:31":10,"s:30:4:30:41":11,"b:30:11:30:27:30:31:30:40":1,"s:33:15:33:74":12,"f:33:25:33:26":4,"s:33:31:33:73":13,"b:33:31:33:67:33:71:33:73":2,"s:35:23:35:62":14,"f:35:33:35:34":5,"s:35:39:35:61":15,"f:37:11:37:20":6,"s:38:4:38:72":16,"f:41:11:41:20":7,"s:42:18:42:36":17,"s:43:18:43:47":18,"b:43:18:43:41:43:45:43:47":3,"s:44:22:44:68":19,"f:44:33:44:34":8,"s:44:40:44:67":20,"b:46:4:55:5:48:11:55:5":4,"s:46:4:55:5":21,"s:47:6:47:61":22,"s:49:20:49:44":23,"s:50:6:54:9":24,"s:57:4:57:68":25,"s:58:4:58:16":26,"f:61:11:61:18":9,"s:62:18:62:36":27,"s:63:18:65:5":28,"b:63:19:63:42:63:46:63:48":5,"f:64:6:64:7":10,"s:64:13:64:40":29,"s:66:4:66:63":30,"s:67:4:67:16":31,"f:70:11:70:26":11,"s:71:4:71:64":32,"f:71:28:71:29":12,"s:71:35:71:62":33,"f:74:11:74:32":13,"s:75:17:75:69":34,"f:75:34:75:35":14,"s:75:41:75:68":35,"s:76:4:76:55":36,"b:76:18:76:49:76:52:76:54":6,"f:79:11:79:37":15,"s:80:17:80:69":37,"f:80:34:80:35":16,"s:80:41:80:68":38,"s:81:4:81:60":39,"b:81:18:81:54:81:57:81:59":7,"s:84:2:92:4":40}}}
,"C:\\Users\\caios\\Documents\\Universidade\\portal-cidadao\\src\\stores\\politicasAdmin.js": {"path":"C:\\Users\\caios\\Documents\\Universidade\\portal-cidadao\\src\\stores\\politicasAdmin.js","statementMap":{"0":{"start":{"line":9,"column":20},"end":{"line":9,"column":44}},"1":{"start":{"line":12,"column":2},"end":{"line":17,"column":3}},"2":{"start":{"line":13,"column":16},"end":{"line":13,"column":49}},"3":{"start":{"line":14,"column":4},"end":{"line":14,"column":36}},"4":{"start":{"line":14,"column":13},"end":{"line":14,"column":36}},"5":{"start":{"line":18,"column":2},"end":{"line":18,"column":36}},"6":{"start":{"line":21,"column":37},"end":{"line":75,"column":2}},"7":{"start":{"line":22,"column":15},"end":{"line":22,"column":36}},"8":{"start":{"line":25,"column":4},"end":{"line":25,"column":67}},"9":{"start":{"line":29,"column":4},"end":{"line":29,"column":56}},"10":{"start":{"line":29,"column":35},"end":{"line":29,"column":46}},"11":{"start":{"line":33,"column":4},"end":{"line":33,"column":57}},"12":{"start":{"line":33,"column":44},"end":{"line":33,"column":55}},"13":{"start":{"line":34,"column":4},"end":{"line":34,"column":16}},"14":{"start":{"line":38,"column":15},"end":{"line":38,"column":51}},"15":{"start":{"line":39,"column":22},"end":{"line":39,"column":58}},"16":{"start":{"line":39,"column":46},"end":{"line":39,"column":57}},"17":{"start":{"line":40,"column":21},"end":{"line":51,"column":5}},"18":{"start":{"line":53,"column":4},"end":{"line":57,"column":5}},"19":{"start":{"line":54,"column":6},"end":{"line":54,"column":73}},"20":{"start":{"line":54,"column":44},"end":{"line":54,"column":70}},"21":{"start":{"line":56,"column":6},"end":{"line":56,"column":47}},"22":{"start":{"line":59,"column":4},"end":{"line":59,"column":16}},"23":{"start":{"line":60,"column":4},"end":{"line":60,"column":14}},"24":{"start":{"line":64,"column":4},"end":{"line":64,"column":45}},"25":{"start":{"line":65,"column":4},"end":{"line":65,"column":16}},"26":{"start":{"line":68,"column":2},"end":{"line":74,"column":4}}},"fnMap":{"0":{"name":"carregarLista","decl":{"start":{"line":11,"column":9},"end":{"line":11,"column":22}},"loc":{"start":{"line":11,"column":25},"end":{"line":19,"column":1}},"line":11},"1":{"name":"(anonymous_1)","decl":{"start":{"line":21,"column":68},"end":{"line":21,"column":69}},"loc":{"start":{"line":21,"column":74},"end":{"line":75,"column":1}},"line":21},"2":{"name":"persistir","decl":{"start":{"line":24,"column":11},"end":{"line":24,"column":20}},"loc":{"start":{"line":24,"column":23},"end":{"line":26,"column":3}},"line":24},"3":{"name":"obterPorId","decl":{"start":{"line":28,"column":11},"end":{"line":28,"column":21}},"loc":{"start":{"line":28,"column":26},"end":{"line":30,"column":3}},"line":28},"4":{"name":"(anonymous_4)","decl":{"start":{"line":29,"column":28},"end":{"line":29,"column":29}},"loc":{"start":{"line":29,"column":35},"end":{"line":29,"column":46}},"line":29},"5":{"name":"remover","decl":{"start":{"line":32,"column":11},"end":{"line":32,"column":18}},"loc":{"start":{"line":32,"column":23},"end":{"line":35,"column":3}},"line":32},"6":{"name":"(anonymous_6)","decl":{"start":{"line":33,"column":37},"end":{"line":33,"column":38}},"loc":{"start":{"line":33,"column":44},"end":{"line":33,"column":55}},"line":33},"7":{"name":"salvar","decl":{"start":{"line":37,"column":11},"end":{"line":37,"column":17}},"loc":{"start":{"line":37,"column":45},"end":{"line":61,"column":3}},"line":37},"8":{"name":"(anonymous_8)","decl":{"start":{"line":39,"column":39},"end":{"line":39,"column":40}},"loc":{"start":{"line":39,"column":46},"end":{"line":39,"column":57}},"line":39},"9":{"name":"(anonymous_9)","decl":{"start":{"line":54,"column":36},"end":{"line":54,"column":37}},"loc":{"start":{"line":54,"column":44},"end":{"line":54,"column":70}},"line":54},"10":{"name":"restaurarPadrao","decl":{"start":{"line":63,"column":11},"end":{"line":63,"column":26}},"loc":{"start":{"line":63,"column":29},"end":{"line":66,"column":3}},"line":63}},"branchMap":{"0":{"loc":{"start":{"line":14,"column":4},"end":{"line":14,"column":36}},"type":"if","locations":[{"start":{"line":14,"column":4},"end":{"line":14,"column":36}},{"start":{},"end":{}}],"line":14},"1":{"loc":{"start":{"line":29,"column":11},"end":{"line":29,"column":55}},"type":"binary-expr","locations":[{"start":{"line":29,"column":11},"end":{"line":29,"column":47}},{"start":{"line":29,"column":51},"end":{"line":29,"column":55}}],"line":29},"2":{"loc":{"start":{"line":37,"column":25},"end":{"line":37,"column":43}},"type":"default-arg","locations":[{"start":{"line":37,"column":39},"end":{"line":37,"column":43}}],"line":37},"3":{"loc":{"start":{"line":38,"column":15},"end":{"line":38,"column":51}},"type":"binary-expr","locations":[{"start":{"line":38,"column":15},"end":{"line":38,"column":26}},{"start":{"line":38,"column":29},"end":{"line":38,"column":51}}],"line":38},"4":{"loc":{"start":{"line":50,"column":13},"end":{"line":50,"column":40}},"type":"binary-expr","locations":[{"start":{"line":50,"column":13},"end":{"line":50,"column":29}},{"start":{"line":50,"column":33},"end":{"line":50,"column":40}}],"line":50},"5":{"loc":{"start":{"line":53,"column":4},"end":{"line":57,"column":5}},"type":"if","locations":[{"start":{"line":53,"column":4},"end":{"line":57,"column":5}},{"start":{"line":55,"column":11},"end":{"line":57,"column":5}}],"line":53},"6":{"loc":{"start":{"line":54,"column":44},"end":{"line":54,"column":70}},"type":"cond-expr","locations":[{"start":{"line":54,"column":58},"end":{"line":54,"column":66}},{"start":{"line":54,"column":69},"end":{"line":54,"column":70}}],"line":54}},"s":{"0":1,"1":6,"2":6,"3":6,"4":0,"5":6,"6":1,"7":6,"8":9,"9":3,"10":17,"11":1,"12":6,"13":1,"14":7,"15":7,"16":36,"17":7,"18":7,"19":1,"20":6,"21":6,"22":7,"23":7,"24":1,"25":1,"26":6},"f":{"0":6,"1":6,"2":9,"3":3,"4":17,"5":1,"6":6,"7":7,"8":36,"9":6,"10":1},"b":{"0":[0,6],"1":[3,1],"2":[7],"3":[7,6],"4":[7,6],"5":[1,6],"6":[1,5]},"meta":{"lastBranch":7,"lastFunction":11,"lastStatement":27,"seen":{"s:9:20:9:44":0,"f:11:9:11:22":0,"s:12:2:17:3":1,"s:13:16:13:49":2,"b:14:4:14:36:undefined:undefined:undefined:undefined":0,"s:14:4:14:36":3,"s:14:13:14:36":4,"s:18:2:18:36":5,"s:21:37:75:2":6,"f:21:68:21:69":1,"s:22:15:22:36":7,"f:24:11:24:20":2,"s:25:4:25:67":8,"f:28:11:28:21":3,"s:29:4:29:56":9,"b:29:11:29:47:29:51:29:55":1,"f:29:28:29:29":4,"s:29:35:29:46":10,"f:32:11:32:18":5,"s:33:4:33:57":11,"f:33:37:33:38":6,"s:33:44:33:55":12,"s:34:4:34:16":13,"f:37:11:37:17":7,"b:37:39:37:43":2,"s:38:15:38:51":14,"b:38:15:38:26:38:29:38:51":3,"s:39:22:39:58":15,"f:39:39:39:40":8,"s:39:46:39:57":16,"s:40:21:51:5":17,"b:50:13:50:29:50:33:50:40":4,"b:53:4:57:5:55:11:57:5":5,"s:53:4:57:5":18,"s:54:6:54:73":19,"f:54:36:54:37":9,"s:54:44:54:70":20,"b:54:58:54:66:54:69:54:70":6,"s:56:6:56:47":21,"s:59:4:59:16":22,"s:60:4:60:14":23,"f:63:11:63:26":10,"s:64:4:64:45":24,"s:65:4:65:16":25,"s:68:2:74:4":26}}}
}
